-------------------------------------------------------------------------------
Test set: net.idt.learning.OnlineShopApplicationTests
-------------------------------------------------------------------------------
Tests run: 1, Failures: 0, Errors: 1, Skipped: 0, Time elapsed: 7.879 s <<< FAILURE! - in net.idt.learning.OnlineShopApplicationTests
contextLoads  Time elapsed: 0.002 s  <<< ERROR!
java.lang.IllegalStateException: Failed to load ApplicationContext
Caused by: org.springframework.beans.factory.BeanCreationException: Error creating bean with name 'flowRegistry' defined in class path resource [net/idt/learning/config/WebFlowConfig.class]: Bean instantiation via factory method failed; nested exception is org.springframework.beans.BeanInstantiationException: Failed to instantiate [org.springframework.webflow.definition.registry.FlowDefinitionRegistry]: Factory method 'flowRegistry' threw exception; nested exception is java.lang.IllegalArgumentException: ServletContext resource [/WEB-INF/view/flows] is not a supported resource type; supported types are [.xml]
Caused by: org.springframework.beans.BeanInstantiationException: Failed to instantiate [org.springframework.webflow.definition.registry.FlowDefinitionRegistry]: Factory method 'flowRegistry' threw exception; nested exception is java.lang.IllegalArgumentException: ServletContext resource [/WEB-INF/view/flows] is not a supported resource type; supported types are [.xml]
Caused by: java.lang.IllegalArgumentException: ServletContext resource [/WEB-INF/view/flows] is not a supported resource type; supported types are [.xml]

